     Создается библиотека C:\Users\denfa\source\repos\OOP_1.2\Debug\UnitTest1.lib и объект C:\Users\denfa\source\repos\OOP_1.2\Debug\UnitTest1.exp
UnitTest1.obj : error LNK2019: ссылка на неразрешенный внешний символ "public: bool __thiscall Payment::Init(class std::basic_string<char,struct std::char_traits<char>,class std::allocator<char> >,double,int,double,int,int)" (?Init@Payment@@QAE_NV?$basic_string@DU?$char_traits@D@std@@V?$allocator@D@2@@std@@NHNHH@Z) в функции "public: void __thiscall UnitTest1::UnitTest1::TestMethod1(void)" (?TestMethod1@UnitTest1@1@QAEXXZ).
C:\Users\denfa\source\repos\OOP_1.2\Debug\UnitTest1.dll : fatal error LNK1120: неразрешенных внешних элементов: 1
